2021-05-20 11:05:21.247  INFO 1656 --- [restartedMain] .e.DevToolsPropertyDefaultsPostProcessor : Devtools property defaults active! Set 'spring.devtools.add-properties' to 'false' to disable
2021-05-20 11:05:21.257  INFO 1656 --- [restartedMain] .e.DevToolsPropertyDefaultsPostProcessor : For additional web related logging consider setting the 'logging.level.web' property to 'DEBUG'
2021-05-20 11:05:25.942  INFO 1656 --- [restartedMain] .s.d.r.c.RepositoryConfigurationDelegate : Bootstrapping Spring Data JPA repositories in DEFAULT mode.
2021-05-20 11:05:26.169  INFO 1656 --- [restartedMain] .s.d.r.c.RepositoryConfigurationDelegate : Finished Spring Data repository scanning in 197 ms. Found 3 JPA repository interfaces.
2021-05-20 11:05:28.725  INFO 1656 --- [restartedMain] o.s.b.w.embedded.tomcat.TomcatWebServer  : Tomcat initialized with port(s): 8080 (http)
2021-05-20 11:05:29.051  INFO 1656 --- [restartedMain] w.s.c.ServletWebServerApplicationContext : Root WebApplicationContext: initialization completed in 7780 ms
2021-05-20 11:05:36.032  INFO 1656 --- [restartedMain] j.LocalContainerEntityManagerFactoryBean : Initialized JPA EntityManagerFactory for persistence unit 'default'
2021-05-20 11:05:36.366  INFO 1656 --- [restartedMain] o.s.b.d.a.OptionalLiveReloadServer       : LiveReload server is running on port 35729
2021-05-20 11:05:37.619  WARN 1656 --- [restartedMain] ConfigServletWebServerApplicationContext : Exception encountered during context initialization - cancelling refresh attempt: org.springframework.beans.factory.BeanCreationException: Error creating bean with name 'homeController': Injection of autowired dependencies failed; nested exception is java.lang.IllegalArgumentException: Could not resolve placeholder 'version' in value "${version}"
2021-05-20 11:05:37.621  INFO 1656 --- [restartedMain] j.LocalContainerEntityManagerFactoryBean : Closing JPA EntityManagerFactory for persistence unit 'default'
2021-05-20 11:05:37.689  INFO 1656 --- [restartedMain] ConditionEvaluationReportLoggingListener : 

Error starting ApplicationContext. To display the conditions report re-run your application with 'debug' enabled.
2021-05-20 11:05:37.774 ERROR 1656 --- [restartedMain] o.s.boot.SpringApplication               : Application run failed

org.springframework.beans.factory.BeanCreationException: Error creating bean with name 'homeController': Injection of autowired dependencies failed; nested exception is java.lang.IllegalArgumentException: Could not resolve placeholder 'version' in value "${version}"
	at org.springframework.beans.factory.annotation.AutowiredAnnotationBeanPostProcessor.postProcessProperties(AutowiredAnnotationBeanPostProcessor.java:405) ~[spring-beans-5.3.6.jar:5.3.6]
	at org.springframework.beans.factory.support.AbstractAutowireCapableBeanFactory.populateBean(AbstractAutowireCapableBeanFactory.java:1413) ~[spring-beans-5.3.6.jar:5.3.6]
	at org.springframework.beans.factory.support.AbstractAutowireCapableBeanFactory.doCreateBean(AbstractAutowireCapableBeanFactory.java:601) ~[spring-beans-5.3.6.jar:5.3.6]
	at org.springframework.beans.factory.support.AbstractAutowireCapableBeanFactory.createBean(AbstractAutowireCapableBeanFactory.java:524) ~[spring-beans-5.3.6.jar:5.3.6]
	at org.springframework.beans.factory.support.AbstractBeanFactory.lambda$doGetBean$0(AbstractBeanFactory.java:335) ~[spring-beans-5.3.6.jar:5.3.6]
	at org.springframework.beans.factory.support.DefaultSingletonBeanRegistry.getSingleton(DefaultSingletonBeanRegistry.java:234) ~[spring-beans-5.3.6.jar:5.3.6]
	at org.springframework.beans.factory.support.AbstractBeanFactory.doGetBean(AbstractBeanFactory.java:333) ~[spring-beans-5.3.6.jar:5.3.6]
	at org.springframework.beans.factory.support.AbstractBeanFactory.getBean(AbstractBeanFactory.java:208) ~[spring-beans-5.3.6.jar:5.3.6]
	at org.springframework.beans.factory.support.DefaultListableBeanFactory.preInstantiateSingletons(DefaultListableBeanFactory.java:944) ~[spring-beans-5.3.6.jar:5.3.6]
	at org.springframework.context.support.AbstractApplicationContext.finishBeanFactoryInitialization(AbstractApplicationContext.java:918) ~[spring-context-5.3.6.jar:5.3.6]
	at org.springframework.context.support.AbstractApplicationContext.refresh(AbstractApplicationContext.java:583) ~[spring-context-5.3.6.jar:5.3.6]
	at org.springframework.boot.web.servlet.context.ServletWebServerApplicationContext.refresh(ServletWebServerApplicationContext.java:144) ~[spring-boot-2.4.5.jar:2.4.5]
	at org.springframework.boot.SpringApplication.refresh(SpringApplication.java:782) ~[spring-boot-2.4.5.jar:2.4.5]
	at org.springframework.boot.SpringApplication.refresh(SpringApplication.java:774) ~[spring-boot-2.4.5.jar:2.4.5]
	at org.springframework.boot.SpringApplication.refreshContext(SpringApplication.java:439) ~[spring-boot-2.4.5.jar:2.4.5]
	at org.springframework.boot.SpringApplication.run(SpringApplication.java:339) ~[spring-boot-2.4.5.jar:2.4.5]
	at org.springframework.boot.SpringApplication.run(SpringApplication.java:1340) ~[spring-boot-2.4.5.jar:2.4.5]
	at org.springframework.boot.SpringApplication.run(SpringApplication.java:1329) ~[spring-boot-2.4.5.jar:2.4.5]
	at com.chartmangment.ChartmangmentappApplication.main(ChartmangmentappApplication.java:10) ~[classes/:na]
	at java.base/jdk.internal.reflect.NativeMethodAccessorImpl.invoke0(Native Method) ~[na:na]
	at java.base/jdk.internal.reflect.NativeMethodAccessorImpl.invoke(NativeMethodAccessorImpl.java:64) ~[na:na]
	at java.base/jdk.internal.reflect.DelegatingMethodAccessorImpl.invoke(DelegatingMethodAccessorImpl.java:43) ~[na:na]
	at java.base/java.lang.reflect.Method.invoke(Method.java:564) ~[na:na]
	at org.springframework.boot.devtools.restart.RestartLauncher.run(RestartLauncher.java:49) ~[spring-boot-devtools-2.4.5.jar:2.4.5]
Caused by: java.lang.IllegalArgumentException: Could not resolve placeholder 'version' in value "${version}"
	at org.springframework.util.PropertyPlaceholderHelper.parseStringValue(PropertyPlaceholderHelper.java:178) ~[spring-core-5.3.6.jar:5.3.6]
	at org.springframework.util.PropertyPlaceholderHelper.replacePlaceholders(PropertyPlaceholderHelper.java:124) ~[spring-core-5.3.6.jar:5.3.6]
	at org.springframework.core.env.AbstractPropertyResolver.doResolvePlaceholders(AbstractPropertyResolver.java:239) ~[spring-core-5.3.6.jar:5.3.6]
	at org.springframework.core.env.AbstractPropertyResolver.resolveRequiredPlaceholders(AbstractPropertyResolver.java:210) ~[spring-core-5.3.6.jar:5.3.6]
	at org.springframework.context.support.PropertySourcesPlaceholderConfigurer.lambda$processProperties$0(PropertySourcesPlaceholderConfigurer.java:175) ~[spring-context-5.3.6.jar:5.3.6]
	at org.springframework.beans.factory.support.AbstractBeanFactory.resolveEmbeddedValue(AbstractBeanFactory.java:936) ~[spring-beans-5.3.6.jar:5.3.6]
	at org.springframework.beans.factory.support.DefaultListableBeanFactory.doResolveDependency(DefaultListableBeanFactory.java:1321) ~[spring-beans-5.3.6.jar:5.3.6]
	at org.springframework.beans.factory.support.DefaultListableBeanFactory.resolveDependency(DefaultListableBeanFactory.java:1300) ~[spring-beans-5.3.6.jar:5.3.6]
	at org.springframework.beans.factory.annotation.AutowiredAnnotationBeanPostProcessor$AutowiredFieldElement.resolveFieldValue(AutowiredAnnotationBeanPostProcessor.java:657) ~[spring-beans-5.3.6.jar:5.3.6]
	at org.springframework.beans.factory.annotation.AutowiredAnnotationBeanPostProcessor$AutowiredFieldElement.inject(AutowiredAnnotationBeanPostProcessor.java:640) ~[spring-beans-5.3.6.jar:5.3.6]
	at org.springframework.beans.factory.annotation.InjectionMetadata.inject(InjectionMetadata.java:119) ~[spring-beans-5.3.6.jar:5.3.6]
	at org.springframework.beans.factory.annotation.AutowiredAnnotationBeanPostProcessor.postProcessProperties(AutowiredAnnotationBeanPostProcessor.java:399) ~[spring-beans-5.3.6.jar:5.3.6]
	... 23 common frames omitted

2021-05-20 11:11:31.302  INFO 12632 --- [restartedMain] .e.DevToolsPropertyDefaultsPostProcessor : Devtools property defaults active! Set 'spring.devtools.add-properties' to 'false' to disable
2021-05-20 11:11:31.312  INFO 12632 --- [restartedMain] .e.DevToolsPropertyDefaultsPostProcessor : For additional web related logging consider setting the 'logging.level.web' property to 'DEBUG'
2021-05-20 11:11:34.063  INFO 12632 --- [restartedMain] .s.d.r.c.RepositoryConfigurationDelegate : Bootstrapping Spring Data JPA repositories in DEFAULT mode.
2021-05-20 11:11:34.449  INFO 12632 --- [restartedMain] .s.d.r.c.RepositoryConfigurationDelegate : Finished Spring Data repository scanning in 357 ms. Found 3 JPA repository interfaces.
2021-05-20 11:11:37.116  INFO 12632 --- [restartedMain] o.s.b.w.embedded.tomcat.TomcatWebServer  : Tomcat initialized with port(s): 8080 (http)
2021-05-20 11:11:37.448  INFO 12632 --- [restartedMain] w.s.c.ServletWebServerApplicationContext : Root WebApplicationContext: initialization completed in 6133 ms
2021-05-20 11:11:43.806  INFO 12632 --- [restartedMain] j.LocalContainerEntityManagerFactoryBean : Initialized JPA EntityManagerFactory for persistence unit 'default'
2021-05-20 11:11:44.006  INFO 12632 --- [restartedMain] o.s.b.d.a.OptionalLiveReloadServer       : LiveReload server is running on port 35729
2021-05-20 11:11:45.558  WARN 12632 --- [restartedMain] JpaBaseConfiguration$JpaWebConfiguration : spring.jpa.open-in-view is enabled by default. Therefore, database queries may be performed during view rendering. Explicitly configure spring.jpa.open-in-view to disable this warning
2021-05-20 11:11:46.900  INFO 12632 --- [restartedMain] o.s.s.web.DefaultSecurityFilterChain     : Will secure any request with [org.springframework.security.web.context.request.async.WebAsyncManagerIntegrationFilter@672a0778, org.springframework.security.web.context.SecurityContextPersistenceFilter@4c797d29, org.springframework.security.web.header.HeaderWriterFilter@6d084d23, org.springframework.security.web.authentication.logout.LogoutFilter@3cf5a85a, org.springframework.security.web.authentication.UsernamePasswordAuthenticationFilter@21e004c, org.springframework.security.web.authentication.ui.DefaultLoginPageGeneratingFilter@3992a18b, org.springframework.security.web.authentication.ui.DefaultLogoutPageGeneratingFilter@b91f919, org.springframework.security.web.savedrequest.RequestCacheAwareFilter@feb98a7, org.springframework.security.web.servletapi.SecurityContextHolderAwareRequestFilter@657e37f5, org.springframework.security.web.authentication.AnonymousAuthenticationFilter@300e6ef9, org.springframework.security.web.session.SessionManagementFilter@7b860d70, org.springframework.security.web.access.ExceptionTranslationFilter@4b52a4cd, org.springframework.security.web.access.intercept.FilterSecurityInterceptor@3177978e]
2021-05-20 11:11:47.906  INFO 12632 --- [restartedMain] o.s.s.concurrent.ThreadPoolTaskExecutor  : Initializing ExecutorService 'applicationTaskExecutor'
2021-05-20 11:11:49.955  INFO 12632 --- [restartedMain] o.s.b.w.embedded.tomcat.TomcatWebServer  : Tomcat started on port(s): 8080 (http) with context path ''
2021-05-20 11:12:39.843  INFO 12632 --- [http-nio-8080-exec-1] o.s.web.servlet.DispatcherServlet        : Initializing Servlet 'dispatcherServlet'
2021-05-20 11:12:39.857  INFO 12632 --- [http-nio-8080-exec-1] o.s.web.servlet.DispatcherServlet        : Completed initialization in 3 ms
2021-05-20 11:37:29.758  INFO 12632 --- [RMI TCP Connection(29)-127.0.0.1] inMXBeanRegistrar$SpringApplicationAdmin : Application shutdown requested.
2021-05-20 11:37:29.843  INFO 12632 --- [RMI TCP Connection(29)-127.0.0.1] o.s.s.concurrent.ThreadPoolTaskExecutor  : Shutting down ExecutorService 'applicationTaskExecutor'
2021-05-20 11:37:29.851  INFO 12632 --- [RMI TCP Connection(29)-127.0.0.1] j.LocalContainerEntityManagerFactoryBean : Closing JPA EntityManagerFactory for persistence unit 'default'
2021-05-20 11:37:44.417  INFO 15200 --- [restartedMain] .e.DevToolsPropertyDefaultsPostProcessor : Devtools property defaults active! Set 'spring.devtools.add-properties' to 'false' to disable
2021-05-20 11:37:44.426  INFO 15200 --- [restartedMain] .e.DevToolsPropertyDefaultsPostProcessor : For additional web related logging consider setting the 'logging.level.web' property to 'DEBUG'
2021-05-20 11:37:46.920  INFO 15200 --- [restartedMain] .s.d.r.c.RepositoryConfigurationDelegate : Bootstrapping Spring Data JPA repositories in DEFAULT mode.
2021-05-20 11:37:47.129  INFO 15200 --- [restartedMain] .s.d.r.c.RepositoryConfigurationDelegate : Finished Spring Data repository scanning in 182 ms. Found 3 JPA repository interfaces.
2021-05-20 11:37:49.470  INFO 15200 --- [restartedMain] o.s.b.w.embedded.tomcat.TomcatWebServer  : Tomcat initialized with port(s): 8080 (http)
2021-05-20 11:37:49.818  INFO 15200 --- [restartedMain] w.s.c.ServletWebServerApplicationContext : Root WebApplicationContext: initialization completed in 5388 ms
2021-05-20 11:37:54.976  INFO 15200 --- [restartedMain] j.LocalContainerEntityManagerFactoryBean : Initialized JPA EntityManagerFactory for persistence unit 'default'
2021-05-20 11:37:55.168  INFO 15200 --- [restartedMain] o.s.b.d.a.OptionalLiveReloadServer       : LiveReload server is running on port 35729
2021-05-20 11:37:56.657  WARN 15200 --- [restartedMain] JpaBaseConfiguration$JpaWebConfiguration : spring.jpa.open-in-view is enabled by default. Therefore, database queries may be performed during view rendering. Explicitly configure spring.jpa.open-in-view to disable this warning
2021-05-20 11:37:57.996  INFO 15200 --- [restartedMain] o.s.s.web.DefaultSecurityFilterChain     : Will secure any request with [org.springframework.security.web.context.request.async.WebAsyncManagerIntegrationFilter@3cb8964f, org.springframework.security.web.context.SecurityContextPersistenceFilter@631fcc4b, org.springframework.security.web.header.HeaderWriterFilter@5f7c42c2, org.springframework.security.web.authentication.logout.LogoutFilter@3689eb8b, org.springframework.security.web.authentication.UsernamePasswordAuthenticationFilter@7cf8d04c, org.springframework.security.web.authentication.ui.DefaultLoginPageGeneratingFilter@7b6ee201, org.springframework.security.web.authentication.ui.DefaultLogoutPageGeneratingFilter@6f7fb18b, org.springframework.security.web.savedrequest.RequestCacheAwareFilter@3bdcaffc, org.springframework.security.web.servletapi.SecurityContextHolderAwareRequestFilter@303d5d76, org.springframework.security.web.authentication.AnonymousAuthenticationFilter@6e0aeb75, org.springframework.security.web.session.SessionManagementFilter@16e7bcc3, org.springframework.security.web.access.ExceptionTranslationFilter@238a26e9, org.springframework.security.web.access.intercept.FilterSecurityInterceptor@2f2244ec]
2021-05-20 11:37:58.993  INFO 15200 --- [restartedMain] o.s.s.concurrent.ThreadPoolTaskExecutor  : Initializing ExecutorService 'applicationTaskExecutor'
2021-05-20 11:38:00.976  INFO 15200 --- [restartedMain] o.s.b.w.embedded.tomcat.TomcatWebServer  : Tomcat started on port(s): 8080 (http) with context path ''
2021-05-20 11:38:36.708  INFO 15200 --- [http-nio-8080-exec-1] o.s.web.servlet.DispatcherServlet        : Initializing Servlet 'dispatcherServlet'
2021-05-20 11:38:36.728  INFO 15200 --- [http-nio-8080-exec-1] o.s.web.servlet.DispatcherServlet        : Completed initialization in 11 ms
2021-05-20 11:42:12.175  INFO 15200 --- [RMI TCP Connection(8)-127.0.0.1] inMXBeanRegistrar$SpringApplicationAdmin : Application shutdown requested.
2021-05-20 11:42:12.310  INFO 15200 --- [RMI TCP Connection(8)-127.0.0.1] o.s.s.concurrent.ThreadPoolTaskExecutor  : Shutting down ExecutorService 'applicationTaskExecutor'
2021-05-20 11:42:12.321  INFO 15200 --- [RMI TCP Connection(8)-127.0.0.1] j.LocalContainerEntityManagerFactoryBean : Closing JPA EntityManagerFactory for persistence unit 'default'
2021-05-20 11:42:27.979  INFO 14980 --- [restartedMain] .e.DevToolsPropertyDefaultsPostProcessor : Devtools property defaults active! Set 'spring.devtools.add-properties' to 'false' to disable
2021-05-20 11:42:27.989  INFO 14980 --- [restartedMain] .e.DevToolsPropertyDefaultsPostProcessor : For additional web related logging consider setting the 'logging.level.web' property to 'DEBUG'
2021-05-20 11:42:31.774  INFO 14980 --- [restartedMain] .s.d.r.c.RepositoryConfigurationDelegate : Bootstrapping Spring Data JPA repositories in DEFAULT mode.
2021-05-20 11:42:32.282  INFO 14980 --- [restartedMain] .s.d.r.c.RepositoryConfigurationDelegate : Finished Spring Data repository scanning in 458 ms. Found 3 JPA repository interfaces.
2021-05-20 11:42:34.649  INFO 14980 --- [restartedMain] o.s.b.w.embedded.tomcat.TomcatWebServer  : Tomcat initialized with port(s): 8080 (http)
2021-05-20 11:42:34.960  INFO 14980 --- [restartedMain] w.s.c.ServletWebServerApplicationContext : Root WebApplicationContext: initialization completed in 6969 ms
2021-05-20 11:42:39.893  INFO 14980 --- [restartedMain] j.LocalContainerEntityManagerFactoryBean : Initialized JPA EntityManagerFactory for persistence unit 'default'
2021-05-20 11:42:40.083  INFO 14980 --- [restartedMain] o.s.b.d.a.OptionalLiveReloadServer       : LiveReload server is running on port 35729
2021-05-20 11:42:41.657  WARN 14980 --- [restartedMain] JpaBaseConfiguration$JpaWebConfiguration : spring.jpa.open-in-view is enabled by default. Therefore, database queries may be performed during view rendering. Explicitly configure spring.jpa.open-in-view to disable this warning
2021-05-20 11:42:43.035  INFO 14980 --- [restartedMain] o.s.s.web.DefaultSecurityFilterChain     : Will secure any request with [org.springframework.security.web.context.request.async.WebAsyncManagerIntegrationFilter@2c774431, org.springframework.security.web.context.SecurityContextPersistenceFilter@6280f63a, org.springframework.security.web.header.HeaderWriterFilter@2acb9ccc, org.springframework.security.web.authentication.logout.LogoutFilter@41a52b14, org.springframework.security.web.authentication.UsernamePasswordAuthenticationFilter@5f9e66f4, org.springframework.security.web.authentication.ui.DefaultLoginPageGeneratingFilter@fab44ea, org.springframework.security.web.authentication.ui.DefaultLogoutPageGeneratingFilter@53695172, org.springframework.security.web.savedrequest.RequestCacheAwareFilter@6d084d23, org.springframework.security.web.servletapi.SecurityContextHolderAwareRequestFilter@59170956, org.springframework.security.web.authentication.AnonymousAuthenticationFilter@2de2a874, org.springframework.security.web.session.SessionManagementFilter@3d09625c, org.springframework.security.web.access.ExceptionTranslationFilter@429afb1e, org.springframework.security.web.access.intercept.FilterSecurityInterceptor@66b3b77d]
2021-05-20 11:42:44.068  INFO 14980 --- [restartedMain] o.s.s.concurrent.ThreadPoolTaskExecutor  : Initializing ExecutorService 'applicationTaskExecutor'
2021-05-20 11:42:46.325  INFO 14980 --- [restartedMain] o.s.b.w.embedded.tomcat.TomcatWebServer  : Tomcat started on port(s): 8080 (http) with context path ''
2021-05-20 11:42:56.298  INFO 14980 --- [http-nio-8080-exec-1] o.s.web.servlet.DispatcherServlet        : Initializing Servlet 'dispatcherServlet'
2021-05-20 11:42:56.305  INFO 14980 --- [http-nio-8080-exec-1] o.s.web.servlet.DispatcherServlet        : Completed initialization in 4 ms
2021-05-20 11:44:13.217  INFO 14980 --- [RMI TCP Connection(4)-127.0.0.1] inMXBeanRegistrar$SpringApplicationAdmin : Application shutdown requested.
2021-05-20 11:44:13.346  INFO 14980 --- [RMI TCP Connection(4)-127.0.0.1] o.s.s.concurrent.ThreadPoolTaskExecutor  : Shutting down ExecutorService 'applicationTaskExecutor'
2021-05-20 11:44:13.353  INFO 14980 --- [RMI TCP Connection(4)-127.0.0.1] j.LocalContainerEntityManagerFactoryBean : Closing JPA EntityManagerFactory for persistence unit 'default'
2021-05-20 11:44:30.094  INFO 8008 --- [restartedMain] .e.DevToolsPropertyDefaultsPostProcessor : Devtools property defaults active! Set 'spring.devtools.add-properties' to 'false' to disable
2021-05-20 11:44:30.104  INFO 8008 --- [restartedMain] .e.DevToolsPropertyDefaultsPostProcessor : For additional web related logging consider setting the 'logging.level.web' property to 'DEBUG'
2021-05-20 11:44:32.724  INFO 8008 --- [restartedMain] .s.d.r.c.RepositoryConfigurationDelegate : Bootstrapping Spring Data JPA repositories in DEFAULT mode.
2021-05-20 11:44:32.929  INFO 8008 --- [restartedMain] .s.d.r.c.RepositoryConfigurationDelegate : Finished Spring Data repository scanning in 178 ms. Found 3 JPA repository interfaces.
2021-05-20 11:44:35.274  INFO 8008 --- [restartedMain] o.s.b.w.embedded.tomcat.TomcatWebServer  : Tomcat initialized with port(s): 8080 (http)
2021-05-20 11:44:35.590  INFO 8008 --- [restartedMain] w.s.c.ServletWebServerApplicationContext : Root WebApplicationContext: initialization completed in 5473 ms
2021-05-20 11:44:40.575  INFO 8008 --- [restartedMain] j.LocalContainerEntityManagerFactoryBean : Initialized JPA EntityManagerFactory for persistence unit 'default'
2021-05-20 11:44:40.779  INFO 8008 --- [restartedMain] o.s.b.d.a.OptionalLiveReloadServer       : LiveReload server is running on port 35729
2021-05-20 11:44:42.296  WARN 8008 --- [restartedMain] JpaBaseConfiguration$JpaWebConfiguration : spring.jpa.open-in-view is enabled by default. Therefore, database queries may be performed during view rendering. Explicitly configure spring.jpa.open-in-view to disable this warning
2021-05-20 11:44:43.641  INFO 8008 --- [restartedMain] o.s.s.web.DefaultSecurityFilterChain     : Will secure any request with [org.springframework.security.web.context.request.async.WebAsyncManagerIntegrationFilter@2f2244ec, org.springframework.security.web.context.SecurityContextPersistenceFilter@1dc9f26, org.springframework.security.web.header.HeaderWriterFilter@7dc94b10, org.springframework.security.web.authentication.logout.LogoutFilter@303d5d76, org.springframework.security.web.authentication.UsernamePasswordAuthenticationFilter@6982b2ce, org.springframework.security.web.authentication.ui.DefaultLoginPageGeneratingFilter@6561098e, org.springframework.security.web.authentication.ui.DefaultLogoutPageGeneratingFilter@7feae2b7, org.springframework.security.web.savedrequest.RequestCacheAwareFilter@5dc043ad, org.springframework.security.web.servletapi.SecurityContextHolderAwareRequestFilter@737a1103, org.springframework.security.web.authentication.AnonymousAuthenticationFilter@75526d9b, org.springframework.security.web.session.SessionManagementFilter@128a8468, org.springframework.security.web.access.ExceptionTranslationFilter@347997ad, org.springframework.security.web.access.intercept.FilterSecurityInterceptor@31121c30]
2021-05-20 11:44:44.670  INFO 8008 --- [restartedMain] o.s.s.concurrent.ThreadPoolTaskExecutor  : Initializing ExecutorService 'applicationTaskExecutor'
2021-05-20 11:44:46.664  INFO 8008 --- [restartedMain] o.s.b.w.embedded.tomcat.TomcatWebServer  : Tomcat started on port(s): 8080 (http) with context path ''
2021-05-20 11:44:58.265  INFO 8008 --- [http-nio-8080-exec-1] o.s.web.servlet.DispatcherServlet        : Initializing Servlet 'dispatcherServlet'
2021-05-20 11:44:58.270  INFO 8008 --- [http-nio-8080-exec-1] o.s.web.servlet.DispatcherServlet        : Completed initialization in 3 ms
2021-05-20 11:48:34.994 ERROR 8008 --- [http-nio-8080-exec-3] o.a.c.c.C.[.[.[/].[dispatcherServlet]    : Servlet.service() for servlet [dispatcherServlet] in context with path [] threw exception

org.springframework.security.web.firewall.RequestRejectedException: The request was rejected because the URL contained a potentially malicious String "//"
	at org.springframework.security.web.firewall.StrictHttpFirewall.rejectedBlocklistedUrls(StrictHttpFirewall.java:456) ~[spring-security-web-5.4.6.jar:5.4.6]
	at org.springframework.security.web.firewall.StrictHttpFirewall.getFirewalledRequest(StrictHttpFirewall.java:429) ~[spring-security-web-5.4.6.jar:5.4.6]
	at org.springframework.security.web.FilterChainProxy.doFilterInternal(FilterChainProxy.java:196) ~[spring-security-web-5.4.6.jar:5.4.6]
	at org.springframework.security.web.FilterChainProxy.doFilter(FilterChainProxy.java:183) ~[spring-security-web-5.4.6.jar:5.4.6]
	at org.springframework.web.filter.DelegatingFilterProxy.invokeDelegate(DelegatingFilterProxy.java:358) ~[spring-web-5.3.6.jar:5.3.6]
	at org.springframework.web.filter.DelegatingFilterProxy.doFilter(DelegatingFilterProxy.java:271) ~[spring-web-5.3.6.jar:5.3.6]
	at org.apache.catalina.core.ApplicationFilterChain.internalDoFilter(ApplicationFilterChain.java:189) ~[tomcat-embed-core-9.0.45.jar:9.0.45]
	at org.apache.catalina.core.ApplicationFilterChain.doFilter(ApplicationFilterChain.java:162) ~[tomcat-embed-core-9.0.45.jar:9.0.45]
	at org.springframework.web.filter.RequestContextFilter.doFilterInternal(RequestContextFilter.java:100) ~[spring-web-5.3.6.jar:5.3.6]
	at org.springframework.web.filter.OncePerRequestFilter.doFilter(OncePerRequestFilter.java:119) ~[spring-web-5.3.6.jar:5.3.6]
	at org.apache.catalina.core.ApplicationFilterChain.internalDoFilter(ApplicationFilterChain.java:189) ~[tomcat-embed-core-9.0.45.jar:9.0.45]
	at org.apache.catalina.core.ApplicationFilterChain.doFilter(ApplicationFilterChain.java:162) ~[tomcat-embed-core-9.0.45.jar:9.0.45]
	at org.springframework.web.filter.FormContentFilter.doFilterInternal(FormContentFilter.java:93) ~[spring-web-5.3.6.jar:5.3.6]
	at org.springframework.web.filter.OncePerRequestFilter.doFilter(OncePerRequestFilter.java:119) ~[spring-web-5.3.6.jar:5.3.6]
	at org.apache.catalina.core.ApplicationFilterChain.internalDoFilter(ApplicationFilterChain.java:189) ~[tomcat-embed-core-9.0.45.jar:9.0.45]
	at org.apache.catalina.core.ApplicationFilterChain.doFilter(ApplicationFilterChain.java:162) ~[tomcat-embed-core-9.0.45.jar:9.0.45]
	at org.springframework.web.filter.CharacterEncodingFilter.doFilterInternal(CharacterEncodingFilter.java:201) ~[spring-web-5.3.6.jar:5.3.6]
	at org.springframework.web.filter.OncePerRequestFilter.doFilter(OncePerRequestFilter.java:119) ~[spring-web-5.3.6.jar:5.3.6]
	at org.apache.catalina.core.ApplicationFilterChain.internalDoFilter(ApplicationFilterChain.java:189) ~[tomcat-embed-core-9.0.45.jar:9.0.45]
	at org.apache.catalina.core.ApplicationFilterChain.doFilter(ApplicationFilterChain.java:162) ~[tomcat-embed-core-9.0.45.jar:9.0.45]
	at org.apache.catalina.core.StandardWrapperValve.invoke(StandardWrapperValve.java:202) ~[tomcat-embed-core-9.0.45.jar:9.0.45]
	at org.apache.catalina.core.StandardContextValve.invoke(StandardContextValve.java:97) ~[tomcat-embed-core-9.0.45.jar:9.0.45]
	at org.apache.catalina.authenticator.AuthenticatorBase.invoke(AuthenticatorBase.java:542) ~[tomcat-embed-core-9.0.45.jar:9.0.45]
	at org.apache.catalina.core.StandardHostValve.invoke(StandardHostValve.java:143) ~[tomcat-embed-core-9.0.45.jar:9.0.45]
	at org.apache.catalina.valves.ErrorReportValve.invoke(ErrorReportValve.java:92) ~[tomcat-embed-core-9.0.45.jar:9.0.45]
	at org.apache.catalina.core.StandardEngineValve.invoke(StandardEngineValve.java:78) ~[tomcat-embed-core-9.0.45.jar:9.0.45]
	at org.apache.catalina.connector.CoyoteAdapter.service(CoyoteAdapter.java:357) ~[tomcat-embed-core-9.0.45.jar:9.0.45]
	at org.apache.coyote.http11.Http11Processor.service(Http11Processor.java:374) ~[tomcat-embed-core-9.0.45.jar:9.0.45]
	at org.apache.coyote.AbstractProcessorLight.process(AbstractProcessorLight.java:65) ~[tomcat-embed-core-9.0.45.jar:9.0.45]
	at org.apache.coyote.AbstractProtocol$ConnectionHandler.process(AbstractProtocol.java:893) ~[tomcat-embed-core-9.0.45.jar:9.0.45]
	at org.apache.tomcat.util.net.NioEndpoint$SocketProcessor.doRun(NioEndpoint.java:1707) ~[tomcat-embed-core-9.0.45.jar:9.0.45]
	at org.apache.tomcat.util.net.SocketProcessorBase.run(SocketProcessorBase.java:49) ~[tomcat-embed-core-9.0.45.jar:9.0.45]
	at java.base/java.util.concurrent.ThreadPoolExecutor.runWorker(ThreadPoolExecutor.java:1130) ~[na:na]
	at java.base/java.util.concurrent.ThreadPoolExecutor$Worker.run(ThreadPoolExecutor.java:630) ~[na:na]
	at org.apache.tomcat.util.threads.TaskThread$WrappingRunnable.run(TaskThread.java:61) ~[tomcat-embed-core-9.0.45.jar:9.0.45]
	at java.base/java.lang.Thread.run(Thread.java:832) ~[na:na]

2021-05-20 11:54:12.533  WARN 8008 --- [http-nio-8080-exec-6] .w.s.m.s.DefaultHandlerExceptionResolver : Resolved [org.springframework.web.HttpRequestMethodNotSupportedException: Request method 'POST' not supported]
